1627790216728	geckodriver	INFO	Listening on 127.0.0.1:50426
1627790217727	mozrunner::runner	INFO	Running command: "/Applications/Firefox.app/Contents/MacOS/firefox-bin" "--marionette" "--headless" "-foreground" "-no-remote" "-profile" "/var/folders/_j/1_rzf3cj45jcv3c1hc4r110m0000gn/T/rust_mozprofileS8oKST"
*** You are running in headless mode.
1627790218231	Marionette	INFO	Marionette enabled
[GFX1-]: RenderCompositorSWGL failed mapping default framebuffer, no dt
console.warn: SearchSettings: "get: No settings file exists, new profile?" (new NotFoundError("Could not open the file at /var/folders/_j/1_rzf3cj45jcv3c1hc4r110m0000gn/T/rust_mozprofileS8oKST/search.json.mozlz4", (void 0)))
console.error: BackgroundUpdate: 
  _reasonsToNotScheduleUpdates: Failed to check for Maintenance Service Registry Key: [Exception... "Component returned failure code: 0x80004001 (NS_ERROR_NOT_IMPLEMENTED) [nsIUpdateProcessor.getServiceRegKeyExists]"  nsresult: "0x80004001 (NS_ERROR_NOT_IMPLEMENTED)"  location: "JS frame :: resource://gre/modules/BackgroundUpdate.jsm :: _reasonsToNotScheduleUpdates :: line 243"  data: no]
1627790219353	Marionette	INFO	Listening on port 50437
1627790219388	Marionette	WARN	TLS certificate errors will be ignored for this session
1627790225258	Marionette	INFO	Stopped listening on port 50437

###!!! [Parent][RunMessage] Error: Channel closing: too late to send/recv, messages will be lost

1627791333867	geckodriver	INFO	Listening on 127.0.0.1:51323
1627791334879	mozrunner::runner	INFO	Running command: "/Applications/Firefox.app/Contents/MacOS/firefox-bin" "--marionette" "--headless" "-foreground" "-no-remote" "-profile" "/var/folders/_j/1_rzf3cj45jcv3c1hc4r110m0000gn/T/rust_mozprofileo1Mgf1"
*** You are running in headless mode.
1627791335167	Marionette	INFO	Marionette enabled
[GFX1-]: RenderCompositorSWGL failed mapping default framebuffer, no dt
console.warn: SearchSettings: "get: No settings file exists, new profile?" (new NotFoundError("Could not open the file at /var/folders/_j/1_rzf3cj45jcv3c1hc4r110m0000gn/T/rust_mozprofileo1Mgf1/search.json.mozlz4", (void 0)))
console.error: BackgroundUpdate: 
  _reasonsToNotScheduleUpdates: Failed to check for Maintenance Service Registry Key: [Exception... "Component returned failure code: 0x80004001 (NS_ERROR_NOT_IMPLEMENTED) [nsIUpdateProcessor.getServiceRegKeyExists]"  nsresult: "0x80004001 (NS_ERROR_NOT_IMPLEMENTED)"  location: "JS frame :: resource://gre/modules/BackgroundUpdate.jsm :: _reasonsToNotScheduleUpdates :: line 243"  data: no]
1627791336100	Marionette	INFO	Listening on port 51334
1627791336121	Marionette	WARN	TLS certificate errors will be ignored for this session
1627791342161	Marionette	INFO	Stopped listening on port 51334

###!!! [Parent][RunMessage] Error: Channel error: cannot send/recv


###!!! [Parent][MessageChannel] Error: (msgtype=0x1F0011,name=PBackgroundStorage::Msg_Observe) Channel error: cannot send/recv


###!!! [Parent][MessageChannel] Error: (msgtype=0x1F0011,name=PBackgroundStorage::Msg_Observe) Channel error: cannot send/recv


###!!! [Parent][RunMessage] Error: Channel closing: too late to send/recv, messages will be lost

1627935654431	geckodriver	INFO	Listening on 127.0.0.1:64190
1627935655435	mozrunner::runner	INFO	Running command: "/Applications/Firefox.app/Contents/MacOS/firefox-bin" "--marionette" "--headless" "-foreground" "-no-remote" "-profile" "/var/folders/_j/1_rzf3cj45jcv3c1hc4r110m0000gn/T/rust_mozprofileZHij9m"
*** You are running in headless mode.
1627935655881	Marionette	INFO	Marionette enabled
[GFX1-]: RenderCompositorSWGL failed mapping default framebuffer, no dt
console.warn: SearchSettings: "get: No settings file exists, new profile?" (new NotFoundError("Could not open the file at /var/folders/_j/1_rzf3cj45jcv3c1hc4r110m0000gn/T/rust_mozprofileZHij9m/search.json.mozlz4", (void 0)))
console.error: BackgroundUpdate: 
  _reasonsToNotScheduleUpdates: Failed to check for Maintenance Service Registry Key: [Exception... "Component returned failure code: 0x80004001 (NS_ERROR_NOT_IMPLEMENTED) [nsIUpdateProcessor.getServiceRegKeyExists]"  nsresult: "0x80004001 (NS_ERROR_NOT_IMPLEMENTED)"  location: "JS frame :: resource://gre/modules/BackgroundUpdate.jsm :: _reasonsToNotScheduleUpdates :: line 243"  data: no]
1627935656875	Marionette	INFO	Listening on port 64197
1627935656993	Marionette	WARN	TLS certificate errors will be ignored for this session
1627935664040	Marionette	INFO	Stopped listening on port 64197

###!!! [Parent][RunMessage] Error: Channel closing: too late to send/recv, messages will be lost

1628054728762	geckodriver	INFO	Listening on 127.0.0.1:57652
1628054729761	mozrunner::runner	INFO	Running command: "/Applications/Firefox.app/Contents/MacOS/firefox-bin" "--marionette" "--headless" "-foreground" "-no-remote" "-profile" "/var/folders/_j/1_rzf3cj45jcv3c1hc4r110m0000gn/T/rust_mozprofileujom0r"
*** You are running in headless mode.
1628054730289	Marionette	INFO	Marionette enabled
[GFX1-]: RenderCompositorSWGL failed mapping default framebuffer, no dt
console.warn: SearchSettings: "get: No settings file exists, new profile?" (new NotFoundError("Could not open the file at /var/folders/_j/1_rzf3cj45jcv3c1hc4r110m0000gn/T/rust_mozprofileujom0r/search.json.mozlz4", (void 0)))
console.error: BackgroundUpdate: 
  _reasonsToNotScheduleUpdates: Failed to check for Maintenance Service Registry Key: [Exception... "Component returned failure code: 0x80004001 (NS_ERROR_NOT_IMPLEMENTED) [nsIUpdateProcessor.getServiceRegKeyExists]"  nsresult: "0x80004001 (NS_ERROR_NOT_IMPLEMENTED)"  location: "JS frame :: resource://gre/modules/BackgroundUpdate.jsm :: _reasonsToNotScheduleUpdates :: line 243"  data: no]
1628054731265	Marionette	INFO	Listening on port 57663
1628054731317	Marionette	WARN	TLS certificate errors will be ignored for this session
1628054738621	Marionette	INFO	Stopped listening on port 57663

###!!! [Parent][RunMessage] Error: Channel closing: too late to send/recv, messages will be lost

1628055682989	geckodriver	INFO	Listening on 127.0.0.1:58559
1628055683992	mozrunner::runner	INFO	Running command: "/Applications/Firefox.app/Contents/MacOS/firefox-bin" "--marionette" "--headless" "-foreground" "-no-remote" "-profile" "/var/folders/_j/1_rzf3cj45jcv3c1hc4r110m0000gn/T/rust_mozprofilePUWUzU"
*** You are running in headless mode.
1628055684543	Marionette	INFO	Marionette enabled
[GFX1-]: RenderCompositorSWGL failed mapping default framebuffer, no dt
console.warn: SearchSettings: "get: No settings file exists, new profile?" (new NotFoundError("Could not open the file at /var/folders/_j/1_rzf3cj45jcv3c1hc4r110m0000gn/T/rust_mozprofilePUWUzU/search.json.mozlz4", (void 0)))
console.error: BackgroundUpdate: 
  _reasonsToNotScheduleUpdates: Failed to check for Maintenance Service Registry Key: [Exception... "Component returned failure code: 0x80004001 (NS_ERROR_NOT_IMPLEMENTED) [nsIUpdateProcessor.getServiceRegKeyExists]"  nsresult: "0x80004001 (NS_ERROR_NOT_IMPLEMENTED)"  location: "JS frame :: resource://gre/modules/BackgroundUpdate.jsm :: _reasonsToNotScheduleUpdates :: line 243"  data: no]
1628055685599	Marionette	INFO	Listening on port 58570
1628055685659	Marionette	WARN	TLS certificate errors will be ignored for this session
1628055695971	Marionette	INFO	Stopped listening on port 58570

###!!! [Parent][RunMessage] Error: Channel closing: too late to send/recv, messages will be lost

1628120435393	geckodriver	INFO	Listening on 127.0.0.1:52233
1628120436396	mozrunner::runner	INFO	Running command: "/Applications/Firefox.app/Contents/MacOS/firefox-bin" "--marionette" "--headless" "-foreground" "-no-remote" "-profile" "/var/folders/_j/1_rzf3cj45jcv3c1hc4r110m0000gn/T/rust_mozprofileSETTjd"
*** You are running in headless mode.
1628120436953	Marionette	INFO	Marionette enabled
[GFX1-]: RenderCompositorSWGL failed mapping default framebuffer, no dt
console.warn: SearchSettings: "get: No settings file exists, new profile?" (new NotFoundError("Could not open the file at /var/folders/_j/1_rzf3cj45jcv3c1hc4r110m0000gn/T/rust_mozprofileSETTjd/search.json.mozlz4", (void 0)))
console.error: BackgroundUpdate: 
  _reasonsToNotScheduleUpdates: Failed to check for Maintenance Service Registry Key: [Exception... "Component returned failure code: 0x80004001 (NS_ERROR_NOT_IMPLEMENTED) [nsIUpdateProcessor.getServiceRegKeyExists]"  nsresult: "0x80004001 (NS_ERROR_NOT_IMPLEMENTED)"  location: "JS frame :: resource://gre/modules/BackgroundUpdate.jsm :: _reasonsToNotScheduleUpdates :: line 243"  data: no]
1628120438115	Marionette	INFO	Listening on port 52245
1628120438157	Marionette	WARN	TLS certificate errors will be ignored for this session
1628120445050	Marionette	INFO	Stopped listening on port 52245

###!!! [Parent][RunMessage] Error: Channel closing: too late to send/recv, messages will be lost

1628150555980	geckodriver	INFO	Listening on 127.0.0.1:54449
1628150556986	mozrunner::runner	INFO	Running command: "/Applications/Firefox.app/Contents/MacOS/firefox-bin" "--marionette" "--headless" "-foreground" "-no-remote" "-profile" "/var/folders/_j/1_rzf3cj45jcv3c1hc4r110m0000gn/T/rust_mozprofileFgVBCA"
*** You are running in headless mode.
1628150557453	Marionette	INFO	Marionette enabled
[GFX1-]: RenderCompositorSWGL failed mapping default framebuffer, no dt
console.warn: SearchSettings: "get: No settings file exists, new profile?" (new NotFoundError("Could not open the file at /var/folders/_j/1_rzf3cj45jcv3c1hc4r110m0000gn/T/rust_mozprofileFgVBCA/search.json.mozlz4", (void 0)))
console.error: BackgroundUpdate: 
  _reasonsToNotScheduleUpdates: Failed to check for Maintenance Service Registry Key: [Exception... "Component returned failure code: 0x80004001 (NS_ERROR_NOT_IMPLEMENTED) [nsIUpdateProcessor.getServiceRegKeyExists]"  nsresult: "0x80004001 (NS_ERROR_NOT_IMPLEMENTED)"  location: "JS frame :: resource://gre/modules/BackgroundUpdate.jsm :: _reasonsToNotScheduleUpdates :: line 243"  data: no]
1628150558452	Marionette	INFO	Listening on port 54460
1628150558555	Marionette	WARN	TLS certificate errors will be ignored for this session
1628150564776	Marionette	INFO	Stopped listening on port 54460

###!!! [Parent][RunMessage] Error: Channel closing: too late to send/recv, messages will be lost

1628150678870	geckodriver	INFO	Listening on 127.0.0.1:54567
1628150679888	mozrunner::runner	INFO	Running command: "/Applications/Firefox.app/Contents/MacOS/firefox-bin" "--marionette" "--headless" "-foreground" "-no-remote" "-profile" "/var/folders/_j/1_rzf3cj45jcv3c1hc4r110m0000gn/T/rust_mozprofileqIocZn"
*** You are running in headless mode.
1628150680206	Marionette	INFO	Marionette enabled
[GFX1-]: RenderCompositorSWGL failed mapping default framebuffer, no dt
console.warn: SearchSettings: "get: No settings file exists, new profile?" (new NotFoundError("Could not open the file at /var/folders/_j/1_rzf3cj45jcv3c1hc4r110m0000gn/T/rust_mozprofileqIocZn/search.json.mozlz4", (void 0)))
console.error: BackgroundUpdate: 
  _reasonsToNotScheduleUpdates: Failed to check for Maintenance Service Registry Key: [Exception... "Component returned failure code: 0x80004001 (NS_ERROR_NOT_IMPLEMENTED) [nsIUpdateProcessor.getServiceRegKeyExists]"  nsresult: "0x80004001 (NS_ERROR_NOT_IMPLEMENTED)"  location: "JS frame :: resource://gre/modules/BackgroundUpdate.jsm :: _reasonsToNotScheduleUpdates :: line 243"  data: no]
1628150681099	Marionette	INFO	Listening on port 54574
1628150681144	Marionette	WARN	TLS certificate errors will be ignored for this session
1628150687299	Marionette	INFO	Stopped listening on port 54574

###!!! [Parent][RunMessage] Error: Channel closing: too late to send/recv, messages will be lost

1628213351049	geckodriver	INFO	Listening on 127.0.0.1:53165
1628213352044	mozrunner::runner	INFO	Running command: "/Applications/Firefox.app/Contents/MacOS/firefox-bin" "--marionette" "--headless" "-foreground" "-no-remote" "-profile" "/var/folders/_j/1_rzf3cj45jcv3c1hc4r110m0000gn/T/rust_mozprofileH4c6hm"
*** You are running in headless mode.
1628213352622	Marionette	INFO	Marionette enabled
[GFX1-]: RenderCompositorSWGL failed mapping default framebuffer, no dt
console.warn: SearchSettings: "get: No settings file exists, new profile?" (new NotFoundError("Could not open the file at /var/folders/_j/1_rzf3cj45jcv3c1hc4r110m0000gn/T/rust_mozprofileH4c6hm/search.json.mozlz4", (void 0)))
console.error: BackgroundUpdate: 
  _reasonsToNotScheduleUpdates: Failed to check for Maintenance Service Registry Key: [Exception... "Component returned failure code: 0x80004001 (NS_ERROR_NOT_IMPLEMENTED) [nsIUpdateProcessor.getServiceRegKeyExists]"  nsresult: "0x80004001 (NS_ERROR_NOT_IMPLEMENTED)"  location: "JS frame :: resource://gre/modules/BackgroundUpdate.jsm :: _reasonsToNotScheduleUpdates :: line 243"  data: no]
1628213354025	Marionette	INFO	Listening on port 53176
1628213354059	Marionette	WARN	TLS certificate errors will be ignored for this session
1628213360558	Marionette	INFO	Stopped listening on port 53176

###!!! [Parent][RunMessage] Error: Channel closing: too late to send/recv, messages will be lost

1628214005519	geckodriver	INFO	Listening on 127.0.0.1:53425
1628214006524	mozrunner::runner	INFO	Running command: "/Applications/Firefox.app/Contents/MacOS/firefox-bin" "--marionette" "--headless" "-foreground" "-no-remote" "-profile" "/var/folders/_j/1_rzf3cj45jcv3c1hc4r110m0000gn/T/rust_mozprofileRp9Q8h"
*** You are running in headless mode.
1628214007045	Marionette	INFO	Marionette enabled
[GFX1-]: RenderCompositorSWGL failed mapping default framebuffer, no dt
console.warn: SearchSettings: "get: No settings file exists, new profile?" (new NotFoundError("Could not open the file at /var/folders/_j/1_rzf3cj45jcv3c1hc4r110m0000gn/T/rust_mozprofileRp9Q8h/search.json.mozlz4", (void 0)))
console.error: BackgroundUpdate: 
  _reasonsToNotScheduleUpdates: Failed to check for Maintenance Service Registry Key: [Exception... "Component returned failure code: 0x80004001 (NS_ERROR_NOT_IMPLEMENTED) [nsIUpdateProcessor.getServiceRegKeyExists]"  nsresult: "0x80004001 (NS_ERROR_NOT_IMPLEMENTED)"  location: "JS frame :: resource://gre/modules/BackgroundUpdate.jsm :: _reasonsToNotScheduleUpdates :: line 243"  data: no]
1628214008540	Marionette	INFO	Listening on port 53436
1628214008612	Marionette	WARN	TLS certificate errors will be ignored for this session
1628214014857	Marionette	INFO	Stopped listening on port 53436

###!!! [Parent][RunMessage] Error: Channel closing: too late to send/recv, messages will be lost

1628214226220	geckodriver	INFO	Listening on 127.0.0.1:53602
1628214227231	mozrunner::runner	INFO	Running command: "/Applications/Firefox.app/Contents/MacOS/firefox-bin" "--marionette" "--headless" "-foreground" "-no-remote" "-profile" "/var/folders/_j/1_rzf3cj45jcv3c1hc4r110m0000gn/T/rust_mozprofileprk3e8"
*** You are running in headless mode.
1628214227691	Marionette	INFO	Marionette enabled
[GFX1-]: RenderCompositorSWGL failed mapping default framebuffer, no dt
console.warn: SearchSettings: "get: No settings file exists, new profile?" (new NotFoundError("Could not open the file at /var/folders/_j/1_rzf3cj45jcv3c1hc4r110m0000gn/T/rust_mozprofileprk3e8/search.json.mozlz4", (void 0)))
console.error: BackgroundUpdate: 
  _reasonsToNotScheduleUpdates: Failed to check for Maintenance Service Registry Key: [Exception... "Component returned failure code: 0x80004001 (NS_ERROR_NOT_IMPLEMENTED) [nsIUpdateProcessor.getServiceRegKeyExists]"  nsresult: "0x80004001 (NS_ERROR_NOT_IMPLEMENTED)"  location: "JS frame :: resource://gre/modules/BackgroundUpdate.jsm :: _reasonsToNotScheduleUpdates :: line 243"  data: no]
1628214228859	Marionette	INFO	Listening on port 53609
1628214228926	Marionette	WARN	TLS certificate errors will be ignored for this session
1628214235343	Marionette	INFO	Stopped listening on port 53609

###!!! [Parent][RunMessage] Error: Channel closing: too late to send/recv, messages will be lost

1628219575600	geckodriver	INFO	Listening on 127.0.0.1:54102
1628219576605	mozrunner::runner	INFO	Running command: "/Applications/Firefox.app/Contents/MacOS/firefox-bin" "--marionette" "--headless" "-foreground" "-no-remote" "-profile" "/var/folders/_j/1_rzf3cj45jcv3c1hc4r110m0000gn/T/rust_mozprofileLPbUg0"
*** You are running in headless mode.
1628219577172	Marionette	INFO	Marionette enabled
[GFX1-]: RenderCompositorSWGL failed mapping default framebuffer, no dt
console.warn: SearchSettings: "get: No settings file exists, new profile?" (new NotFoundError("Could not open the file at /var/folders/_j/1_rzf3cj45jcv3c1hc4r110m0000gn/T/rust_mozprofileLPbUg0/search.json.mozlz4", (void 0)))
console.error: BackgroundUpdate: 
  _reasonsToNotScheduleUpdates: Failed to check for Maintenance Service Registry Key: [Exception... "Component returned failure code: 0x80004001 (NS_ERROR_NOT_IMPLEMENTED) [nsIUpdateProcessor.getServiceRegKeyExists]"  nsresult: "0x80004001 (NS_ERROR_NOT_IMPLEMENTED)"  location: "JS frame :: resource://gre/modules/BackgroundUpdate.jsm :: _reasonsToNotScheduleUpdates :: line 243"  data: no]
1628219578602	Marionette	INFO	Listening on port 54109
1628219578721	Marionette	WARN	TLS certificate errors will be ignored for this session
1628219580151	geckodriver	INFO	Listening on 127.0.0.1:54187
1628219581164	mozrunner::runner	INFO	Running command: "/Applications/Firefox.app/Contents/MacOS/firefox-bin" "--marionette" "--headless" "-foreground" "-no-remote" "-profile" "/var/folders/_j/1_rzf3cj45jcv3c1hc4r110m0000gn/T/rust_mozprofileMIwDVD"
*** You are running in headless mode.
1628219581565	Marionette	INFO	Marionette enabled
[GFX1-]: RenderCompositorSWGL failed mapping default framebuffer, no dt
console.warn: SearchSettings: "get: No settings file exists, new profile?" (new NotFoundError("Could not open the file at /var/folders/_j/1_rzf3cj45jcv3c1hc4r110m0000gn/T/rust_mozprofileMIwDVD/search.json.mozlz4", (void 0)))
console.error: BackgroundUpdate: 
  _reasonsToNotScheduleUpdates: Failed to check for Maintenance Service Registry Key: [Exception... "Component returned failure code: 0x80004001 (NS_ERROR_NOT_IMPLEMENTED) [nsIUpdateProcessor.getServiceRegKeyExists]"  nsresult: "0x80004001 (NS_ERROR_NOT_IMPLEMENTED)"  location: "JS frame :: resource://gre/modules/BackgroundUpdate.jsm :: _reasonsToNotScheduleUpdates :: line 243"  data: no]
1628219583121	Marionette	INFO	Listening on port 54204
1628219583177	Marionette	WARN	TLS certificate errors will be ignored for this session
1628219584880	Marionette	INFO	Stopped listening on port 54109

###!!! [Parent][RunMessage] Error: Channel closing: too late to send/recv, messages will be lost

1628219589025	Marionette	INFO	Stopped listening on port 54204

###!!! [Parent][RunMessage] Error: Channel closing: too late to send/recv, messages will be lost

